CRITICAL - 2024-02-06 01:30:22 --> Error: Call to undefined function form_open()
in APPPATH\Views\arvore\create.php on line 11.
 1 SYSTEMPATH\View\View.php(228): include()
 2 SYSTEMPATH\View\View.php(231): CodeIgniter\View\View->CodeIgniter\View\{closure}()
 3 SYSTEMPATH\Common.php(1178): CodeIgniter\View\View->render('arvore/create', [], true)
 4 APPPATH\Controllers\ArvoreController.php(19): view('arvore/create')
 5 SYSTEMPATH\CodeIgniter.php(941): App\Controllers\ArvoreController->create()
 6 SYSTEMPATH\CodeIgniter.php(502): CodeIgniter\CodeIgniter->runController(Object(App\Controllers\ArvoreController))
 7 SYSTEMPATH\CodeIgniter.php(361): CodeIgniter\CodeIgniter->handleRequest(null, Object(Config\Cache), false)
 8 FCPATH\index.php(79): CodeIgniter\CodeIgniter->run()
CRITICAL - 2024-02-06 01:35:55 --> ErrorException: Undefined variable $arvore
in APPPATH\Views\arvore\index.php on line 10.
 1 APPPATH\Views\arvore\index.php(10): CodeIgniter\Debug\Exceptions->errorHandler(2, 'Undefined variable $arvore', 'C:\\xampp\\htdocs\\arvores\\app\\Views\\arvore\\index.php', 10)
 2 SYSTEMPATH\View\View.php(228): include('C:\\xampp\\htdocs\\arvores\\app\\Views\\arvore\\index.php')
 3 SYSTEMPATH\View\View.php(231): CodeIgniter\View\View->CodeIgniter\View\{closure}()
 4 SYSTEMPATH\Common.php(1178): CodeIgniter\View\View->render('arvore/index', [], true)
 5 APPPATH\Controllers\ArvoreController.php(14): view('arvore/index', [...])
 6 SYSTEMPATH\CodeIgniter.php(941): App\Controllers\ArvoreController->index()
 7 SYSTEMPATH\CodeIgniter.php(502): CodeIgniter\CodeIgniter->runController(Object(App\Controllers\ArvoreController))
 8 SYSTEMPATH\CodeIgniter.php(361): CodeIgniter\CodeIgniter->handleRequest(null, Object(Config\Cache), false)
 9 FCPATH\index.php(79): CodeIgniter\CodeIgniter->run()
CRITICAL - 2024-02-06 01:35:57 --> ErrorException: Undefined variable $arvore
in APPPATH\Views\arvore\index.php on line 10.
 1 APPPATH\Views\arvore\index.php(10): CodeIgniter\Debug\Exceptions->errorHandler(2, 'Undefined variable $arvore', 'C:\\xampp\\htdocs\\arvores\\app\\Views\\arvore\\index.php', 10)
 2 SYSTEMPATH\View\View.php(228): include('C:\\xampp\\htdocs\\arvores\\app\\Views\\arvore\\index.php')
 3 SYSTEMPATH\View\View.php(231): CodeIgniter\View\View->CodeIgniter\View\{closure}()
 4 SYSTEMPATH\Common.php(1178): CodeIgniter\View\View->render('arvore/index', [], true)
 5 APPPATH\Controllers\ArvoreController.php(14): view('arvore/index', [...])
 6 SYSTEMPATH\CodeIgniter.php(941): App\Controllers\ArvoreController->index()
 7 SYSTEMPATH\CodeIgniter.php(502): CodeIgniter\CodeIgniter->runController(Object(App\Controllers\ArvoreController))
 8 SYSTEMPATH\CodeIgniter.php(361): CodeIgniter\CodeIgniter->handleRequest(null, Object(Config\Cache), false)
 9 FCPATH\index.php(79): CodeIgniter\CodeIgniter->run()
CRITICAL - 2024-02-06 02:11:54 --> Error: Call to undefined function form_open()
in APPPATH\Views\arvore\edit.php on line 11.
 1 SYSTEMPATH\View\View.php(228): include()
 2 SYSTEMPATH\View\View.php(231): CodeIgniter\View\View->CodeIgniter\View\{closure}()
 3 SYSTEMPATH\Common.php(1178): CodeIgniter\View\View->render('arvore/edit', [], true)
 4 APPPATH\Controllers\ArvoreController.php(47): view('arvore/edit', [...])
 5 SYSTEMPATH\CodeIgniter.php(941): App\Controllers\ArvoreController->edit('1')
 6 SYSTEMPATH\CodeIgniter.php(502): CodeIgniter\CodeIgniter->runController(Object(App\Controllers\ArvoreController))
 7 SYSTEMPATH\CodeIgniter.php(361): CodeIgniter\CodeIgniter->handleRequest(null, Object(Config\Cache), false)
 8 FCPATH\index.php(79): CodeIgniter\CodeIgniter->run()
